<?xml version="1.0" encoding="UTF-8"?>
<!-- Generated by org.testng.reporters.JUnitReportReporter -->
<testsuite hostname="Mac.attlocal.net" failures="0" tests="6" name="testCases.TC003_LoginDDT" time="49.202" errors="0" timestamp="2025-01-02T15:57:29 CST" skipped="0">
  <testcase classname="testCases.TC003_LoginDDT" name="verify_loginDDT" time="10.478"/>
  <testcase classname="testCases.TC003_LoginDDT" name="verify_loginDDT" time="11.438"/>
  <testcase classname="testCases.TC003_LoginDDT" name="verify_loginDDT" time="10.836"/>
  <testcase classname="testCases.TC003_LoginDDT" name="verify_loginDDT" time="1.134"/>
  <testcase classname="testCases.TC003_LoginDDT" name="verify_loginDDT" time="4.375"/>
  <testcase classname="testCases.TC003_LoginDDT" name="verify_loginDDT" time="10.941"/>
</testsuite> <!-- testCases.TC003_LoginDDT -->
