<?xml version="1.0" encoding="UTF-8"?>
<!-- Generated by org.testng.reporters.JUnitReportReporter -->
<testsuite hostname="Mac.attlocal.net" failures="0" tests="1" name="testCases.TC001_AccountRegistrationTest" time="4.234" errors="0" timestamp="2025-01-07T11:17:56 CST" skipped="0">
  <testcase classname="testCases.TC001_AccountRegistrationTest" name="verify_account_registration" time="4.234"/>
</testsuite> <!-- testCases.TC001_AccountRegistrationTest -->
