<?xml version="1.0" encoding="UTF-8"?>
<!-- Generated by org.testng.reporters.JUnitReportReporter -->
<testsuite hostname="Mac.attlocal.net" failures="0" tests="1" name="testCases.TC001_AccountRegistrationTest" time="4.353" errors="0" timestamp="2025-01-08T11:01:24 CST" skipped="0">
  <testcase classname="testCases.TC001_AccountRegistrationTest" name="verify_account_registration" time="4.353"/>
</testsuite> <!-- testCases.TC001_AccountRegistrationTest -->
