<?xml version="1.0" encoding="UTF-8"?>
<!-- Generated by org.testng.reporters.JUnitReportReporter -->
<testsuite hostname="Mac.attlocal.net" failures="0" tests="1" name="testCases.TC002_LoginTest" time="3.766" errors="0" timestamp="2025-01-08T11:01:24 CST" skipped="0">
  <testcase classname="testCases.TC002_LoginTest" name="verify_login" time="3.766"/>
</testsuite> <!-- testCases.TC002_LoginTest -->
